iMPACT Version: Oct 13 2013 08:43:40

iMPACT log file Started on Thu Jan 18 14:24:49 2018

Preference Table
Name                 Setting             
StartupClock         Auto_Correction     
AutoSignature        False               
KeepSVF              False               
ConcurrentMode       False               
UseHighz             False               
ConfigOnFailure      Stop                
UserLevel            Novice              
MessageLevel         Detailed            
svfUseTime           false               
SpiByteSwap          Auto_Correction     
AutoInfer            false               
SvfPlayDisplayComments false               
INFO:iMPACT - Digilent Plugin: Plugin Version: 2.5.2
INFO:iMPACT - Digilent Plugin: found 1 device(s).
INFO:iMPACT - Digilent Plugin: opening device: "DOnbUsb", SN:615001753721
INFO:iMPACT - Digilent Plugin: User Name: DOnbUsb
INFO:iMPACT - Digilent Plugin: Product Name: Onboard USB
INFO:iMPACT - Digilent Plugin: Serial Number: 615001753721
INFO:iMPACT - Digilent Plugin: Product ID: 0000000C
INFO:iMPACT - Digilent Plugin: Firmware Version: 030A
INFO:iMPACT - Digilent Plugin: JTAG Port Number: 0
INFO:iMPACT - Digilent Plugin: JTAG Clock Frequency: 1600000 Hz
Identifying chain contents...'0': : Manufacturer's ID = Xilinx xc7k325t, Version : 4
INFO:iMPACT:1777 - 
   Reading /opt/Xilinx/14.7/ISE_DS/ISE/kintex7/data/xc7k325t.bsd...
INFO:iMPACT - Using CseAdapterBSDevice
INFO:iMPACT:501 - '1': Added Device xc7k325t successfully.
----------------------------------------------------------------------
----------------------------------------------------------------------
done.
Elapsed time =      0 sec.
Elapsed time =      0 sec.
'1': Loading file 'bitfiles/download.bit' ...
done.
INFO:iMPACT - Using CseAdapterBSDevice
UserID read from the bitstream file = 0xFFFFFFFF.
Data width read from the bitstream file = .
INFO:iMPACT:501 - '1': Added Device xc7k325t successfully.
----------------------------------------------------------------------
----------------------------------------------------------------------
Maximum TCK operating frequency for this device chain: 0.
Validating chain...
Boundary-scan chain validated successfully.
1: Device Temperature: Current Reading:   64.65 C, Min. Reading:   47.42 C, Max.Reading:   65.14 C
1: VCCINT Supply: Current Reading:   0.984 V, Min. Reading:   0.981 V, Max.Reading:   1.005 V
1: VCCAUX Supply: Current Reading:   1.816 V, Min. Reading:   1.813 V, Max.Reading:   1.819 V
INFO:iMPACT - Creating XC7K325T device.
'1': Programming device...
 Match_cycle = NoWait.
Match cycle: NoWait
 LCK_cycle = NoWait.
LCK cycle: NoWait
done.
INFO:Cse - Status register values:
INFO:Cse - 0011 1111 0101 1110 0000 1000 0100 0010 
INFO:Cse - '1': Completed downloading bit file to device.
INFO:Cse - '1': Programming completed successfully.
 Match_cycle = NoWait.
Match cycle: NoWait
 LCK_cycle = NoWait.
LCK cycle: NoWait
INFO:iMPACT - '1': Checking done pin....done.
'1': Programmed successfully.
Elapsed time =     62 sec.
